<?xml version="1.0" encoding="UTF-8"?>
<!-- Generated by org.testng.reporters.JUnitReportReporter -->
<testsuite hostname="LAPTOP-SQ25DLVN" failures="0" tests="2" name="kiteTest.kiteTest1" time="0.023" errors="1" timestamp="2022-07-01T13:01:15 IST" skipped="1">
  <testcase classname="kiteTest.kiteTest1" name="openBrowser" time="0.022">
    <error type="java.lang.StackOverflowError">
      <![CDATA[java.lang.StackOverflowError
at kiteTest.kiteTest1.openBrowser(kiteTest1.java:30)
at kiteTest.kiteTest1.openBrowser(kiteTest1.java:30)
at kiteTest.kiteTest1.openBrowser(kiteTest1.java:30)
at kiteTest.kiteTest1.openBrowser(kiteTest1.java:30)
at kiteTest.kiteTest1.openBrowser(kiteTest1.java:30)
at kiteTest.kiteTest1.openBrowser(kiteTest1.java:30)
at kiteTest.kiteTest1.openBrowser(kiteTest1.java:30)
at kiteTest.kiteTest1.openBrowser(kiteTest1.java:30)
at kiteTest.kiteTest1.openBrowser(kiteTest1.java:30)
at kiteTest.kiteTest1.openBrowser(kiteTest1.java:30)
at kiteTest.kiteTest1.openBrowser(kiteTest1.java:30)
at kiteTest.kiteTest1.openBrowser(kiteTest1.java:30)
at kiteTest.kiteTest1.openBrowser(kiteTest1.java:30)
at kiteTest.kiteTest1.openBrowser(kiteTest1.java:30)
at kiteTest.kiteTest1.openBrowser(kiteTest1.java:30)
at kiteTest.kiteTest1.openBrowser(kiteTest1.java:30)
at kiteTest.kiteTest1.openBrowser(kiteTest1.java:30)
at kiteTest.kiteTest1.openBrowser(kiteTest1.java:30)
at kiteTest.kiteTest1.openBrowser(kiteTest1.java:30)
at kiteTest.kiteTest1.openBrowser(kiteTest1.java:30)
at kiteTest.kiteTest1.openBrowser(kiteTest1.java:30)
at kiteTest.kiteTest1.openBrowser(kiteTest1.java:30)
at kiteTest.kiteTest1.openBrowser(kiteTest1.java:30)
at kiteTest.kiteTest1.openBrowser(kiteTest1.java:30)
at kiteTest.kiteTest1.openBrowser(kiteTest1.java:30)
at kiteTest.kiteTest1.openBrowser(kiteTest1.java:30)
at kiteTest.kiteTest1.openBrowser(kiteTest1.java:30)
at kiteTest.kiteTest1.openBrowser(kiteTest1.java:30)
at kiteTest.kiteTest1.openBrowser(kiteTest1.java:30)
at kiteTest.kiteTest1.openBrowser(kiteTest1.java:30)
at kiteTest.kiteTest1.openBrowser(kiteTest1.java:30)
at kiteTest.kiteTest1.openBrowser(kiteTest1.java:30)
at kiteTest.kiteTest1.openBrowser(kiteTest1.java:30)
at kiteTest.kiteTest1.openBrowser(kiteTest1.java:30)
at kiteTest.kiteTest1.openBrowser(kiteTest1.java:30)
at kiteTest.kiteTest1.openBrowser(kiteTest1.java:30)
at kiteTest.kiteTest1.openBrowser(kiteTest1.java:30)
at kiteTest.kiteTest1.openBrowser(kiteTest1.java:30)
at kiteTest.kiteTest1.openBrowser(kiteTest1.java:30)
at kiteTest.kiteTest1.openBrowser(kiteTest1.java:30)
at kiteTest.kiteTest1.openBrowser(kiteTest1.java:30)
at kiteTest.kiteTest1.openBrowser(kiteTest1.java:30)
at kiteTest.kiteTest1.openBrowser(kiteTest1.java:30)
at kiteTest.kiteTest1.openBrowser(kiteTest1.java:30)
at kiteTest.kiteTest1.openBrowser(kiteTest1.java:30)
at kiteTest.kiteTest1.openBrowser(kiteTest1.java:30)
at kiteTest.kiteTest1.openBrowser(kiteTest1.java:30)
at kiteTest.kiteTest1.openBrowser(kiteTest1.java:30)
at kiteTest.kiteTest1.openBrowser(kiteTest1.java:30)
at kiteTest.kiteTest1.openBrowser(kiteTest1.java:30)
at kiteTest.kiteTest1.openBrowser(kiteTest1.java:30)
at kiteTest.kiteTest1.openBrowser(kiteTest1.java:30)
at kiteTest.kiteTest1.openBrowser(kiteTest1.java:30)
at kiteTest.kiteTest1.openBrowser(kiteTest1.java:30)
at kiteTest.kiteTest1.openBrowser(kiteTest1.java:30)
at kiteTest.kiteTest1.openBrowser(kiteTest1.java:30)
at kiteTest.kiteTest1.openBrowser(kiteTest1.java:30)
at kiteTest.kiteTest1.openBrowser(kiteTest1.java:30)
at kiteTest.kiteTest1.openBrowser(kiteTest1.java:30)
at kiteTest.kiteTest1.openBrowser(kiteTest1.java:30)
at kiteTest.kiteTest1.openBrowser(kiteTest1.java:30)
at kiteTest.kiteTest1.openBrowser(kiteTest1.java:30)
at kiteTest.kiteTest1.openBrowser(kiteTest1.java:30)
at kiteTest.kiteTest1.openBrowser(kiteTest1.java:30)
at kiteTest.kiteTest1.openBrowser(kiteTest1.java:30)
at kiteTest.kiteTest1.openBrowser(kiteTest1.java:30)
at kiteTest.kiteTest1.openBrowser(kiteTest1.java:30)
at kiteTest.kiteTest1.openBrowser(kiteTest1.java:30)
at kiteTest.kiteTest1.openBrowser(kiteTest1.java:30)
at kiteTest.kiteTest1.openBrowser(kiteTest1.java:30)
at kiteTest.kiteTest1.openBrowser(kiteTest1.java:30)
at kiteTest.kiteTest1.openBrowser(kiteTest1.java:30)
at kiteTest.kiteTest1.openBrowser(kiteTest1.java:30)
at kiteTest.kiteTest1.openBrowser(kiteTest1.java:30)
at kiteTest.kiteTest1.openBrowser(kiteTest1.java:30)
at kiteTest.kiteTest1.openBrowser(kiteTest1.java:30)
at kiteTest.kiteTest1.openBrowser(kiteTest1.java:30)
at kiteTest.kiteTest1.openBrowser(kiteTest1.java:30)
at kiteTest.kiteTest1.openBrowser(kiteTest1.java:30)
at kiteTest.kiteTest1.openBrowser(kiteTest1.java:30)
at kiteTest.kiteTest1.openBrowser(kiteTest1.java:30)
at kiteTest.kiteTest1.openBrowser(kiteTest1.java:30)
at kiteTest.kiteTest1.openBrowser(kiteTest1.java:30)
at kiteTest.kiteTest1.openBrowser(kiteTest1.java:30)
at kiteTest.kiteTest1.openBrowser(kiteTest1.java:30)
at kiteTest.kiteTest1.openBrowser(kiteTest1.java:30)
at kiteTest.kiteTest1.openBrowser(kiteTest1.java:30)
at kiteTest.kiteTest1.openBrowser(kiteTest1.java:30)
at kiteTest.kiteTest1.openBrowser(kiteTest1.java:30)
at kiteTest.kiteTest1.openBrowser(kiteTest1.java:30)
at kiteTest.kiteTest1.openBrowser(kiteTest1.java:30)
at kiteTest.kiteTest1.openBrowser(kiteTest1.java:30)
at kiteTest.kiteTest1.openBrowser(kiteTest1.java:30)
at kiteTest.kiteTest1.openBrowser(kiteTest1.java:30)
at kiteTest.kiteTest1.openBrowser(kiteTest1.java:30)
at kiteTest.kiteTest1.openBrowser(kiteTest1.java:30)
at kiteTest.kiteTest1.openBrowser(kiteTest1.java:30)
at kiteTest.kiteTest1.openBrowser(kiteTest1.java:30)
at kiteTest.kiteTest1.openBrowser(kiteTest1.java:30)
at kiteTest.kiteTest1.openBrowser(kiteTest1.java:30)
at kiteTest.kiteTest1.openBrowser(kiteTest1.java:30)
at kiteTest.kiteTest1.openBrowser(kiteTest1.java:30)
at kiteTest.kiteTest1.openBrowser(kiteTest1.java:30)
at kiteTest.kiteTest1.openBrowser(kiteTest1.java:30)
at kiteTest.kiteTest1.openBrowser(kiteTest1.java:30)
at kiteTest.kiteTest1.openBrowser(kiteTest1.java:30)
at kiteTest.kiteTest1.openBrowser(kiteTest1.java:30)
at kiteTest.kiteTest1.openBrowser(kiteTest1.java:30)
at kiteTest.kiteTest1.openBrowser(kiteTest1.java:30)
at kiteTest.kiteTest1.openBrowser(kiteTest1.java:30)
at kiteTest.kiteTest1.openBrowser(kiteTest1.java:30)
at kiteTest.kiteTest1.openBrowser(kiteTest1.java:30)
at kiteTest.kiteTest1.openBrowser(kiteTest1.java:30)
at kiteTest.kiteTest1.openBrowser(kiteTest1.java:30)
at kiteTest.kiteTest1.openBrowser(kiteTest1.java:30)
at kiteTest.kiteTest1.openBrowser(kiteTest1.java:30)
at kiteTest.kiteTest1.openBrowser(kiteTest1.java:30)
at kiteTest.kiteTest1.openBrowser(kiteTest1.java:30)
at kiteTest.kiteTest1.openBrowser(kiteTest1.java:30)
at kiteTest.kiteTest1.openBrowser(kiteTest1.java:30)
at kiteTest.kiteTest1.openBrowser(kiteTest1.java:30)
at kiteTest.kiteTest1.openBrowser(kiteTest1.java:30)
at kiteTest.kiteTest1.openBrowser(kiteTest1.java:30)
at kiteTest.kiteTest1.openBrowser(kiteTest1.java:30)
at kiteTest.kiteTest1.openBrowser(kiteTest1.java:30)
at kiteTest.kiteTest1.openBrowser(kiteTest1.java:30)
at kiteTest.kiteTest1.openBrowser(kiteTest1.java:30)
at kiteTest.kiteTest1.openBrowser(kiteTest1.java:30)
at kiteTest.kiteTest1.openBrowser(kiteTest1.java:30)
at kiteTest.kiteTest1.openBrowser(kiteTest1.java:30)
at kiteTest.kiteTest1.openBrowser(kiteTest1.java:30)
at kiteTest.kiteTest1.openBrowser(kiteTest1.java:30)
at kiteTest.kiteTest1.openBrowser(kiteTest1.java:30)
at kiteTest.kiteTest1.openBrowser(kiteTest1.java:30)
at kiteTest.kiteTest1.openBrowser(kiteTest1.java:30)
at kiteTest.kiteTest1.openBrowser(kiteTest1.java:30)
at kiteTest.kiteTest1.openBrowser(kiteTest1.java:30)
at kiteTest.kiteTest1.openBrowser(kiteTest1.java:30)
at kiteTest.kiteTest1.openBrowser(kiteTest1.java:30)
at kiteTest.kiteTest1.openBrowser(kiteTest1.java:30)
at kiteTest.kiteTest1.openBrowser(kiteTest1.java:30)
at kiteTest.kiteTest1.openBrowser(kiteTest1.java:30)
at kiteTest.kiteTest1.openBrowser(kiteTest1.java:30)
at kiteTest.kiteTest1.openBrowser(kiteTest1.java:30)
at kiteTest.kiteTest1.openBrowser(kiteTest1.java:30)
at kiteTest.kiteTest1.openBrowser(kiteTest1.java:30)
at kiteTest.kiteTest1.openBrowser(kiteTest1.java:30)
at kiteTest.kiteTest1.openBrowser(kiteTest1.java:30)
at kiteTest.kiteTest1.openBrowser(kiteTest1.java:30)
at kiteTest.kiteTest1.openBrowser(kiteTest1.java:30)
at kiteTest.kiteTest1.openBrowser(kiteTest1.java:30)
at kiteTest.kiteTest1.openBrowser(kiteTest1.java:30)
at kiteTest.kiteTest1.openBrowser(kiteTest1.java:30)
at kiteTest.kiteTest1.openBrowser(kiteTest1.java:30)
at kiteTest.kiteTest1.openBrowser(kiteTest1.java:30)
at kiteTest.kiteTest1.openBrowser(kiteTest1.java:30)
at kiteTest.kiteTest1.openBrowser(kiteTest1.java:30)
at kiteTest.kiteTest1.openBrowser(kiteTest1.java:30)
at kiteTest.kiteTest1.openBrowser(kiteTest1.java:30)
at kiteTest.kiteTest1.openBrowser(kiteTest1.java:30)
at kiteTest.kiteTest1.openBrowser(kiteTest1.java:30)
at kiteTest.kiteTest1.openBrowser(kiteTest1.java:30)
at kiteTest.kiteTest1.openBrowser(kiteTest1.java:30)
at kiteTest.kiteTest1.openBrowser(kiteTest1.java:30)
at kiteTest.kiteTest1.openBrowser(kiteTest1.java:30)
at kiteTest.kiteTest1.openBrowser(kiteTest1.java:30)
at kiteTest.kiteTest1.openBrowser(kiteTest1.java:30)
at kiteTest.kiteTest1.openBrowser(kiteTest1.java:30)
at kiteTest.kiteTest1.openBrowser(kiteTest1.java:30)
at kiteTest.kiteTest1.openBrowser(kiteTest1.java:30)
at kiteTest.kiteTest1.openBrowser(kiteTest1.java:30)
at kiteTest.kiteTest1.openBrowser(kiteTest1.java:30)
at kiteTest.kiteTest1.openBrowser(kiteTest1.java:30)
at kiteTest.kiteTest1.openBrowser(kiteTest1.java:30)
at kiteTest.kiteTest1.openBrowser(kiteTest1.java:30)
at kiteTest.kiteTest1.openBrowser(kiteTest1.java:30)
at kiteTest.kiteTest1.openBrowser(kiteTest1.java:30)
at kiteTest.kiteTest1.openBrowser(kiteTest1.java:30)
at kiteTest.kiteTest1.openBrowser(kiteTest1.java:30)
at kiteTest.kiteTest1.openBrowser(kiteTest1.java:30)
at kiteTest.kiteTest1.openBrowser(kiteTest1.java:30)
at kiteTest.kiteTest1.openBrowser(kiteTest1.java:30)
at kiteTest.kiteTest1.openBrowser(kiteTest1.java:30)
at kiteTest.kiteTest1.openBrowser(kiteTest1.java:30)
at kiteTest.kiteTest1.openBrowser(kiteTest1.java:30)
at kiteTest.kiteTest1.openBrowser(kiteTest1.java:30)
at kiteTest.kiteTest1.openBrowser(kiteTest1.java:30)
at kiteTest.kiteTest1.openBrowser(kiteTest1.java:30)
at kiteTest.kiteTest1.openBrowser(kiteTest1.java:30)
at kiteTest.kiteTest1.openBrowser(kiteTest1.java:30)
at kiteTest.kiteTest1.openBrowser(kiteTest1.java:30)
at kiteTest.kiteTest1.openBrowser(kiteTest1.java:30)
at kiteTest.kiteTest1.openBrowser(kiteTest1.java:30)
at kiteTest.kiteTest1.openBrowser(kiteTest1.java:30)
at kiteTest.kiteTest1.openBrowser(kiteTest1.java:30)
at kiteTest.kiteTest1.openBrowser(kiteTest1.java:30)
at kiteTest.kiteTest1.openBrowser(kiteTest1.java:30)
at kiteTest.kiteTest1.openBrowser(kiteTest1.java:30)
at kiteTest.kiteTest1.openBrowser(kiteTest1.java:30)
at kiteTest.kiteTest1.openBrowser(kiteTest1.java:30)
at kiteTest.kiteTest1.openBrowser(kiteTest1.java:30)
at kiteTest.kiteTest1.openBrowser(kiteTest1.java:30)
at kiteTest.kiteTest1.openBrowser(kiteTest1.java:30)
at kiteTest.kiteTest1.openBrowser(kiteTest1.java:30)
at kiteTest.kiteTest1.openBrowser(kiteTest1.java:30)
at kiteTest.kiteTest1.openBrowser(kiteTest1.java:30)
at kiteTest.kiteTest1.openBrowser(kiteTest1.java:30)
at kiteTest.kiteTest1.openBrowser(kiteTest1.java:30)
at kiteTest.kiteTest1.openBrowser(kiteTest1.java:30)
at kiteTest.kiteTest1.openBrowser(kiteTest1.java:30)
at kiteTest.kiteTest1.openBrowser(kiteTest1.java:30)
at kiteTest.kiteTest1.openBrowser(kiteTest1.java:30)
at kiteTest.kiteTest1.openBrowser(kiteTest1.java:30)
at kiteTest.kiteTest1.openBrowser(kiteTest1.java:30)
at kiteTest.kiteTest1.openBrowser(kiteTest1.java:30)
at kiteTest.kiteTest1.openBrowser(kiteTest1.java:30)
at kiteTest.kiteTest1.openBrowser(kiteTest1.java:30)
at kiteTest.kiteTest1.openBrowser(kiteTest1.java:30)
at kiteTest.kiteTest1.openBrowser(kiteTest1.java:30)
at kiteTest.kiteTest1.openBrowser(kiteTest1.java:30)
at kiteTest.kiteTest1.openBrowser(kiteTest1.java:30)
at kiteTest.kiteTest1.openBrowser(kiteTest1.java:30)
at kiteTest.kiteTest1.openBrowser(kiteTest1.java:30)
at kiteTest.kiteTest1.openBrowser(kiteTest1.java:30)
at kiteTest.kiteTest1.openBrowser(kiteTest1.java:30)
at kiteTest.kiteTest1.openBrowser(kiteTest1.java:30)
at kiteTest.kiteTest1.openBrowser(kiteTest1.java:30)
at kiteTest.kiteTest1.openBrowser(kiteTest1.java:30)
at kiteTest.kiteTest1.openBrowser(kiteTest1.java:30)
at kiteTest.kiteTest1.openBrowser(kiteTest1.java:30)
at kiteTest.kiteTest1.openBrowser(kiteTest1.java:30)
at kiteTest.kiteTest1.openBrowser(kiteTest1.java:30)
at kiteTest.kiteTest1.openBrowser(kiteTest1.java:30)
at kiteTest.kiteTest1.openBrowser(kiteTest1.java:30)
at kiteTest.kiteTest1.openBrowser(kiteTest1.java:30)
at kiteTest.kiteTest1.openBrowser(kiteTest1.java:30)
at kiteTest.kiteTest1.openBrowser(kiteTest1.java:30)
at kiteTest.kiteTest1.openBrowser(kiteTest1.java:30)
at kiteTest.kiteTest1.openBrowser(kiteTest1.java:30)
at kiteTest.kiteTest1.openBrowser(kiteTest1.java:30)
at kiteTest.kiteTest1.openBrowser(kiteTest1.java:30)
at kiteTest.kiteTest1.openBrowser(kiteTest1.java:30)
at kiteTest.kiteTest1.openBrowser(kiteTest1.java:30)
at kiteTest.kiteTest1.openBrowser(kiteTest1.java:30)
at kiteTest.kiteTest1.openBrowser(kiteTest1.java:30)
at kiteTest.kiteTest1.openBrowser(kiteTest1.java:30)
at kiteTest.kiteTest1.openBrowser(kiteTest1.java:30)
at kiteTest.kiteTest1.openBrowser(kiteTest1.java:30)
at kiteTest.kiteTest1.openBrowser(kiteTest1.java:30)
at kiteTest.kiteTest1.openBrowser(kiteTest1.java:30)
at kiteTest.kiteTest1.openBrowser(kiteTest1.java:30)
at kiteTest.kiteTest1.openBrowser(kiteTest1.java:30)
at kiteTest.kiteTest1.openBrowser(kiteTest1.java:30)
at kiteTest.kiteTest1.openBrowser(kiteTest1.java:30)
at kiteTest.kiteTest1.openBrowser(kiteTest1.java:30)
at kiteTest.kiteTest1.openBrowser(kiteTest1.java:30)
at kiteTest.kiteTest1.openBrowser(kiteTest1.java:30)
at kiteTest.kiteTest1.openBrowser(kiteTest1.java:30)
at kiteTest.kiteTest1.openBrowser(kiteTest1.java:30)
at kiteTest.kiteTest1.openBrowser(kiteTest1.java:30)
at kiteTest.kiteTest1.openBrowser(kiteTest1.java:30)
at kiteTest.kiteTest1.openBrowser(kiteTest1.java:30)
at kiteTest.kiteTest1.openBrowser(kiteTest1.java:30)
at kiteTest.kiteTest1.openBrowser(kiteTest1.java:30)
at kiteTest.kiteTest1.openBrowser(kiteTest1.java:30)
at kiteTest.kiteTest1.openBrowser(kiteTest1.java:30)
at kiteTest.kiteTest1.openBrowser(kiteTest1.java:30)
at kiteTest.kiteTest1.openBrowser(kiteTest1.java:30)
at kiteTest.kiteTest1.openBrowser(kiteTest1.java:30)
at kiteTest.kiteTest1.openBrowser(kiteTest1.java:30)
at kiteTest.kiteTest1.openBrowser(kiteTest1.java:30)
at kiteTest.kiteTest1.openBrowser(kiteTest1.java:30)
at kiteTest.kiteTest1.openBrowser(kiteTest1.java:30)
at kiteTest.kiteTest1.openBrowser(kiteTest1.java:30)
at kiteTest.kiteTest1.openBrowser(kiteTest1.java:30)
at kiteTest.kiteTest1.openBrowser(kiteTest1.java:30)
at kiteTest.kiteTest1.openBrowser(kiteTest1.java:30)
at kiteTest.kiteTest1.openBrowser(kiteTest1.java:30)
at kiteTest.kiteTest1.openBrowser(kiteTest1.java:30)
at kiteTest.kiteTest1.openBrowser(kiteTest1.java:30)
at kiteTest.kiteTest1.openBrowser(kiteTest1.java:30)
at kiteTest.kiteTest1.openBrowser(kiteTest1.java:30)
at kiteTest.kiteTest1.openBrowser(kiteTest1.java:30)
at kiteTest.kiteTest1.openBrowser(kiteTest1.java:30)
at kiteTest.kiteTest1.openBrowser(kiteTest1.java:30)
at kiteTest.kiteTest1.openBrowser(kiteTest1.java:30)
at kiteTest.kiteTest1.openBrowser(kiteTest1.java:30)
at kiteTest.kiteTest1.openBrowser(kiteTest1.java:30)
at kiteTest.kiteTest1.openBrowser(kiteTest1.java:30)
at kiteTest.kiteTest1.openBrowser(kiteTest1.java:30)
at kiteTest.kiteTest1.openBrowser(kiteTest1.java:30)
at kiteTest.kiteTest1.openBrowser(kiteTest1.java:30)
at kiteTest.kiteTest1.openBrowser(kiteTest1.java:30)
at kiteTest.kiteTest1.openBrowser(kiteTest1.java:30)
at kiteTest.kiteTest1.openBrowser(kiteTest1.java:30)
at kiteTest.kiteTest1.openBrowser(kiteTest1.java:30)
at kiteTest.kiteTest1.openBrowser(kiteTest1.java:30)
at kiteTest.kiteTest1.openBrowser(kiteTest1.java:30)
at kiteTest.kiteTest1.openBrowser(kiteTest1.java:30)
at kiteTest.kiteTest1.openBrowser(kiteTest1.java:30)
at kiteTest.kiteTest1.openBrowser(kiteTest1.java:30)
at kiteTest.kiteTest1.openBrowser(kiteTest1.java:30)
at kiteTest.kiteTest1.openBrowser(kiteTest1.java:30)
at kiteTest.kiteTest1.openBrowser(kiteTest1.java:30)
at kiteTest.kiteTest1.openBrowser(kiteTest1.java:30)
at kiteTest.kiteTest1.openBrowser(kiteTest1.java:30)
at kiteTest.kiteTest1.openBrowser(kiteTest1.java:30)
at kiteTest.kiteTest1.openBrowser(kiteTest1.java:30)
at kiteTest.kiteTest1.openBrowser(kiteTest1.java:30)
at kiteTest.kiteTest1.openBrowser(kiteTest1.java:30)
at kiteTest.kiteTest1.openBrowser(kiteTest1.java:30)
at kiteTest.kiteTest1.openBrowser(kiteTest1.java:30)
at kiteTest.kiteTest1.openBrowser(kiteTest1.java:30)
at kiteTest.kiteTest1.openBrowser(kiteTest1.java:30)
at kiteTest.kiteTest1.openBrowser(kiteTest1.java:30)
at kiteTest.kiteTest1.openBrowser(kiteTest1.java:30)
at kiteTest.kiteTest1.openBrowser(kiteTest1.java:30)
at kiteTest.kiteTest1.openBrowser(kiteTest1.java:30)
at kiteTest.kiteTest1.openBrowser(kiteTest1.java:30)
at kiteTest.kiteTest1.openBrowser(kiteTest1.java:30)
at kiteTest.kiteTest1.openBrowser(kiteTest1.java:30)
at kiteTest.kiteTest1.openBrowser(kiteTest1.java:30)
at kiteTest.kiteTest1.openBrowser(kiteTest1.java:30)
at kiteTest.kiteTest1.openBrowser(kiteTest1.java:30)
at kiteTest.kiteTest1.openBrowser(kiteTest1.java:30)
at kiteTest.kiteTest1.openBrowser(kiteTest1.java:30)
at kiteTest.kiteTest1.openBrowser(kiteTest1.java:30)
at kiteTest.kiteTest1.openBrowser(kiteTest1.java:30)
at kiteTest.kiteTest1.openBrowser(kiteTest1.java:30)
at kiteTest.kiteTest1.openBrowser(kiteTest1.java:30)
at kiteTest.kiteTest1.openBrowser(kiteTest1.java:30)
at kiteTest.kiteTest1.openBrowser(kiteTest1.java:30)
at kiteTest.kiteTest1.openBrowser(kiteTest1.java:30)
at kiteTest.kiteTest1.openBrowser(kiteTest1.java:30)
at kiteTest.kiteTest1.openBrowser(kiteTest1.java:30)
at kiteTest.kiteTest1.openBrowser(kiteTest1.java:30)
at kiteTest.kiteTest1.openBrowser(kiteTest1.java:30)
at kiteTest.kiteTest1.openBrowser(kiteTest1.java:30)
at kiteTest.kiteTest1.openBrowser(kiteTest1.java:30)
at kiteTest.kiteTest1.openBrowser(kiteTest1.java:30)
at kiteTest.kiteTest1.openBrowser(kiteTest1.java:30)
at kiteTest.kiteTest1.openBrowser(kiteTest1.java:30)
at kiteTest.kiteTest1.openBrowser(kiteTest1.java:30)
at kiteTest.kiteTest1.openBrowser(kiteTest1.java:30)
at kiteTest.kiteTest1.openBrowser(kiteTest1.java:30)
at kiteTest.kiteTest1.openBrowser(kiteTest1.java:30)
at kiteTest.kiteTest1.openBrowser(kiteTest1.java:30)
at kiteTest.kiteTest1.openBrowser(kiteTest1.java:30)
at kiteTest.kiteTest1.openBrowser(kiteTest1.java:30)
at kiteTest.kiteTest1.openBrowser(kiteTest1.java:30)
at kiteTest.kiteTest1.openBrowser(kiteTest1.java:30)
at kiteTest.kiteTest1.openBrowser(kiteTest1.java:30)
at kiteTest.kiteTest1.openBrowser(kiteTest1.java:30)
at kiteTest.kiteTest1.openBrowser(kiteTest1.java:30)
at kiteTest.kiteTest1.openBrowser(kiteTest1.java:30)
at kiteTest.kiteTest1.openBrowser(kiteTest1.java:30)
at kiteTest.kiteTest1.openBrowser(kiteTest1.java:30)
at kiteTest.kiteTest1.openBrowser(kiteTest1.java:30)
at kiteTest.kiteTest1.openBrowser(kiteTest1.java:30)
at kiteTest.kiteTest1.openBrowser(kiteTest1.java:30)
at kiteTest.kiteTest1.openBrowser(kiteTest1.java:30)
at kiteTest.kiteTest1.openBrowser(kiteTest1.java:30)
at kiteTest.kiteTest1.openBrowser(kiteTest1.java:30)
at kiteTest.kiteTest1.openBrowser(kiteTest1.java:30)
at kiteTest.kiteTest1.openBrowser(kiteTest1.java:30)
at kiteTest.kiteTest1.openBrowser(kiteTest1.java:30)
at kiteTest.kiteTest1.openBrowser(kiteTest1.java:30)
at kiteTest.kiteTest1.openBrowser(kiteTest1.java:30)
at kiteTest.kiteTest1.openBrowser(kiteTest1.java:30)
at kiteTest.kiteTest1.openBrowser(kiteTest1.java:30)
at kiteTest.kiteTest1.openBrowser(kiteTest1.java:30)
at kiteTest.kiteTest1.openBrowser(kiteTest1.java:30)
at kiteTest.kiteTest1.openBrowser(kiteTest1.java:30)
at kiteTest.kiteTest1.openBrowser(kiteTest1.java:30)
at kiteTest.kiteTest1.openBrowser(kiteTest1.java:30)
at kiteTest.kiteTest1.openBrowser(kiteTest1.java:30)
at kiteTest.kiteTest1.openBrowser(kiteTest1.java:30)
at kiteTest.kiteTest1.openBrowser(kiteTest1.java:30)
at kiteTest.kiteTest1.openBrowser(kiteTest1.java:30)
at kiteTest.kiteTest1.openBrowser(kiteTest1.java:30)
at kiteTest.kiteTest1.openBrowser(kiteTest1.java:30)
at kiteTest.kiteTest1.openBrowser(kiteTest1.java:30)
at kiteTest.kiteTest1.openBrowser(kiteTest1.java:30)
at kiteTest.kiteTest1.openBrowser(kiteTest1.java:30)
at kiteTest.kiteTest1.openBrowser(kiteTest1.java:30)
at kiteTest.kiteTest1.openBrowser(kiteTest1.java:30)
at kiteTest.kiteTest1.openBrowser(kiteTest1.java:30)
at kiteTest.kiteTest1.openBrowser(kiteTest1.java:30)
at kiteTest.kiteTest1.openBrowser(kiteTest1.java:30)
at kiteTest.kiteTest1.openBrowser(kiteTest1.java:30)
at kiteTest.kiteTest1.openBrowser(kiteTest1.java:30)
at kiteTest.kiteTest1.openBrowser(kiteTest1.java:30)
at kiteTest.kiteTest1.openBrowser(kiteTest1.java:30)
at kiteTest.kiteTest1.openBrowser(kiteTest1.java:30)
at kiteTest.kiteTest1.openBrowser(kiteTest1.java:30)
at kiteTest.kiteTest1.openBrowser(kiteTest1.java:30)
at kiteTest.kiteTest1.openBrowser(kiteTest1.java:30)
at kiteTest.kiteTest1.openBrowser(kiteTest1.java:30)
at kiteTest.kiteTest1.openBrowser(kiteTest1.java:30)
at kiteTest.kiteTest1.openBrowser(kiteTest1.java:30)
at kiteTest.kiteTest1.openBrowser(kiteTest1.java:30)
at kiteTest.kiteTest1.openBrowser(kiteTest1.java:30)
at kiteTest.kiteTest1.openBrowser(kiteTest1.java:30)
at kiteTest.kiteTest1.openBrowser(kiteTest1.java:30)
at kiteTest.kiteTest1.openBrowser(kiteTest1.java:30)
at kiteTest.kiteTest1.openBrowser(kiteTest1.java:30)
at kiteTest.kiteTest1.openBrowser(kiteTest1.java:30)
at kiteTest.kiteTest1.openBrowser(kiteTest1.java:30)
at kiteTest.kiteTest1.openBrowser(kiteTest1.java:30)
at kiteTest.kiteTest1.openBrowser(kiteTest1.java:30)
at kiteTest.kiteTest1.openBrowser(kiteTest1.java:30)
at kiteTest.kiteTest1.openBrowser(kiteTest1.java:30)
at kiteTest.kiteTest1.openBrowser(kiteTest1.java:30)
at kiteTest.kiteTest1.openBrowser(kiteTest1.java:30)
at kiteTest.kiteTest1.openBrowser(kiteTest1.java:30)
at kiteTest.kiteTest1.openBrowser(kiteTest1.java:30)
at kiteTest.kiteTest1.openBrowser(kiteTest1.java:30)
at kiteTest.kiteTest1.openBrowser(kiteTest1.java:30)
at kiteTest.kiteTest1.openBrowser(kiteTest1.java:30)
at kiteTest.kiteTest1.openBrowser(kiteTest1.java:30)
at kiteTest.kiteTest1.openBrowser(kiteTest1.java:30)
at kiteTest.kiteTest1.openBrowser(kiteTest1.java:30)
at kiteTest.kiteTest1.openBrowser(kiteTest1.java:30)
at kiteTest.kiteTest1.openBrowser(kiteTest1.java:30)
at kiteTest.kiteTest1.openBrowser(kiteTest1.java:30)
at kiteTest.kiteTest1.openBrowser(kiteTest1.java:30)
at kiteTest.kiteTest1.openBrowser(kiteTest1.java:30)
at kiteTest.kiteTest1.openBrowser(kiteTest1.java:30)
at kiteTest.kiteTest1.openBrowser(kiteTest1.java:30)
at kiteTest.kiteTest1.openBrowser(kiteTest1.java:30)
at kiteTest.kiteTest1.openBrowser(kiteTest1.java:30)
at kiteTest.kiteTest1.openBrowser(kiteTest1.java:30)
at kiteTest.kiteTest1.openBrowser(kiteTest1.java:30)
at kiteTest.kiteTest1.openBrowser(kiteTest1.java:30)
at kiteTest.kiteTest1.openBrowser(kiteTest1.java:30)
at kiteTest.kiteTest1.openBrowser(kiteTest1.java:30)
at kiteTest.kiteTest1.openBrowser(kiteTest1.java:30)
at kiteTest.kiteTest1.openBrowser(kiteTest1.java:30)
at kiteTest.kiteTest1.openBrowser(kiteTest1.java:30)
at kiteTest.kiteTest1.openBrowser(kiteTest1.java:30)
at kiteTest.kiteTest1.openBrowser(kiteTest1.java:30)
at kiteTest.kiteTest1.openBrowser(kiteTest1.java:30)
at kiteTest.kiteTest1.openBrowser(kiteTest1.java:30)
at kiteTest.kiteTest1.openBrowser(kiteTest1.java:30)
at kiteTest.kiteTest1.openBrowser(kiteTest1.java:30)
at kiteTest.kiteTest1.openBrowser(kiteTest1.java:30)
at kiteTest.kiteTest1.openBrowser(kiteTest1.java:30)
at kiteTest.kiteTest1.openBrowser(kiteTest1.java:30)
at kiteTest.kiteTest1.openBrowser(kiteTest1.java:30)
at kiteTest.kiteTest1.openBrowser(kiteTest1.java:30)
at kiteTest.kiteTest1.openBrowser(kiteTest1.java:30)
at kiteTest.kiteTest1.openBrowser(kiteTest1.java:30)
at kiteTest.kiteTest1.openBrowser(kiteTest1.java:30)
at kiteTest.kiteTest1.openBrowser(kiteTest1.java:30)
at kiteTest.kiteTest1.openBrowser(kiteTest1.java:30)
at kiteTest.kiteTest1.openBrowser(kiteTest1.java:30)
at kiteTest.kiteTest1.openBrowser(kiteTest1.java:30)
at kiteTest.kiteTest1.openBrowser(kiteTest1.java:30)
at kiteTest.kiteTest1.openBrowser(kiteTest1.java:30)
at kiteTest.kiteTest1.openBrowser(kiteTest1.java:30)
at kiteTest.kiteTest1.openBrowser(kiteTest1.java:30)
at kiteTest.kiteTest1.openBrowser(kiteTest1.java:30)
at kiteTest.kiteTest1.openBrowser(kiteTest1.java:30)
at kiteTest.kiteTest1.openBrowser(kiteTest1.java:30)
at kiteTest.kiteTest1.openBrowser(kiteTest1.java:30)
at kiteTest.kiteTest1.openBrowser(kiteTest1.java:30)
at kiteTest.kiteTest1.openBrowser(kiteTest1.java:30)
at kiteTest.kiteTest1.openBrowser(kiteTest1.java:30)
at kiteTest.kiteTest1.openBrowser(kiteTest1.java:30)
at kiteTest.kiteTest1.openBrowser(kiteTest1.java:30)
at kiteTest.kiteTest1.openBrowser(kiteTest1.java:30)
at kiteTest.kiteTest1.openBrowser(kiteTest1.java:30)
at kiteTest.kiteTest1.openBrowser(kiteTest1.java:30)
at kiteTest.kiteTest1.openBrowser(kiteTest1.java:30)
at kiteTest.kiteTest1.openBrowser(kiteTest1.java:30)
at kiteTest.kiteTest1.openBrowser(kiteTest1.java:30)
at kiteTest.kiteTest1.openBrowser(kiteTest1.java:30)
at kiteTest.kiteTest1.openBrowser(kiteTest1.java:30)
at kiteTest.kiteTest1.openBrowser(kiteTest1.java:30)
at kiteTest.kiteTest1.openBrowser(kiteTest1.java:30)
at kiteTest.kiteTest1.openBrowser(kiteTest1.java:30)
at kiteTest.kiteTest1.openBrowser(kiteTest1.java:30)
at kiteTest.kiteTest1.openBrowser(kiteTest1.java:30)
at kiteTest.kiteTest1.openBrowser(kiteTest1.java:30)
at kiteTest.kiteTest1.openBrowser(kiteTest1.java:30)
at kiteTest.kiteTest1.openBrowser(kiteTest1.java:30)
at kiteTest.kiteTest1.openBrowser(kiteTest1.java:30)
at kiteTest.kiteTest1.openBrowser(kiteTest1.java:30)
at kiteTest.kiteTest1.openBrowser(kiteTest1.java:30)
at kiteTest.kiteTest1.openBrowser(kiteTest1.java:30)
at kiteTest.kiteTest1.openBrowser(kiteTest1.java:30)
at kiteTest.kiteTest1.openBrowser(kiteTest1.java:30)
at kiteTest.kiteTest1.openBrowser(kiteTest1.java:30)
at kiteTest.kiteTest1.openBrowser(kiteTest1.java:30)
at kiteTest.kiteTest1.openBrowser(kiteTest1.java:30)
at kiteTest.kiteTest1.openBrowser(kiteTest1.java:30)
at kiteTest.kiteTest1.openBrowser(kiteTest1.java:30)
at kiteTest.kiteTest1.openBrowser(kiteTest1.java:30)
at kiteTest.kiteTest1.openBrowser(kiteTest1.java:30)
at kiteTest.kiteTest1.openBrowser(kiteTest1.java:30)
at kiteTest.kiteTest1.openBrowser(kiteTest1.java:30)
at kiteTest.kiteTest1.openBrowser(kiteTest1.java:30)
at kiteTest.kiteTest1.openBrowser(kiteTest1.java:30)
at kiteTest.kiteTest1.openBrowser(kiteTest1.java:30)
at kiteTest.kiteTest1.openBrowser(kiteTest1.java:30)
at kiteTest.kiteTest1.openBrowser(kiteTest1.java:30)
at kiteTest.kiteTest1.openBrowser(kiteTest1.java:30)
at kiteTest.kiteTest1.openBrowser(kiteTest1.java:30)
at kiteTest.kiteTest1.openBrowser(kiteTest1.java:30)
at kiteTest.kiteTest1.openBrowser(kiteTest1.java:30)
at kiteTest.kiteTest1.openBrowser(kiteTest1.java:30)
at kiteTest.kiteTest1.openBrowser(kiteTest1.java:30)
at kiteTest.kiteTest1.openBrowser(kiteTest1.java:30)
at kiteTest.kiteTest1.openBrowser(kiteTest1.java:30)
at kiteTest.kiteTest1.openBrowser(kiteTest1.java:30)
at kiteTest.kiteTest1.openBrowser(kiteTest1.java:30)
at kiteTest.kiteTest1.openBrowser(kiteTest1.java:30)
at kiteTest.kiteTest1.openBrowser(kiteTest1.java:30)
at kiteTest.kiteTest1.openBrowser(kiteTest1.java:30)
at kiteTest.kiteTest1.openBrowser(kiteTest1.java:30)
at kiteTest.kiteTest1.openBrowser(kiteTest1.java:30)
at kiteTest.kiteTest1.openBrowser(kiteTest1.java:30)
at kiteTest.kiteTest1.openBrowser(kiteTest1.java:30)
at kiteTest.kiteTest1.openBrowser(kiteTest1.java:30)
at kiteTest.kiteTest1.openBrowser(kiteTest1.java:30)
at kiteTest.kiteTest1.openBrowser(kiteTest1.java:30)
at kiteTest.kiteTest1.openBrowser(kiteTest1.java:30)
at kiteTest.kiteTest1.openBrowser(kiteTest1.java:30)
at kiteTest.kiteTest1.openBrowser(kiteTest1.java:30)
at kiteTest.kiteTest1.openBrowser(kiteTest1.java:30)
at kiteTest.kiteTest1.openBrowser(kiteTest1.java:30)
at kiteTest.kiteTest1.openBrowser(kiteTest1.java:30)
at kiteTest.kiteTest1.openBrowser(kiteTest1.java:30)
at kiteTest.kiteTest1.openBrowser(kiteTest1.java:30)
at kiteTest.kiteTest1.openBrowser(kiteTest1.java:30)
at kiteTest.kiteTest1.openBrowser(kiteTest1.java:30)
at kiteTest.kiteTest1.openBrowser(kiteTest1.java:30)
at kiteTest.kiteTest1.openBrowser(kiteTest1.java:30)
at kiteTest.kiteTest1.openBrowser(kiteTest1.java:30)
at kiteTest.kiteTest1.openBrowser(kiteTest1.java:30)
at kiteTest.kiteTest1.openBrowser(kiteTest1.java:30)
at kiteTest.kiteTest1.openBrowser(kiteTest1.java:30)
at kiteTest.kiteTest1.openBrowser(kiteTest1.java:30)
at kiteTest.kiteTest1.openBrowser(kiteTest1.java:30)
at kiteTest.kiteTest1.openBrowser(kiteTest1.java:30)
at kiteTest.kiteTest1.openBrowser(kiteTest1.java:30)
at kiteTest.kiteTest1.openBrowser(kiteTest1.java:30)
at kiteTest.kiteTest1.openBrowser(kiteTest1.java:30)
at kiteTest.kiteTest1.openBrowser(kiteTest1.java:30)
at kiteTest.kiteTest1.openBrowser(kiteTest1.java:30)
at kiteTest.kiteTest1.openBrowser(kiteTest1.java:30)
at kiteTest.kiteTest1.openBrowser(kiteTest1.java:30)
at kiteTest.kiteTest1.openBrowser(kiteTest1.java:30)
at kiteTest.kiteTest1.openBrowser(kiteTest1.java:30)
at kiteTest.kiteTest1.openBrowser(kiteTest1.java:30)
at kiteTest.kiteTest1.openBrowser(kiteTest1.java:30)
at kiteTest.kiteTest1.openBrowser(kiteTest1.java:30)
at kiteTest.kiteTest1.openBrowser(kiteTest1.java:30)
at kiteTest.kiteTest1.openBrowser(kiteTest1.java:30)
at kiteTest.kiteTest1.openBrowser(kiteTest1.java:30)
at kiteTest.kiteTest1.openBrowser(kiteTest1.java:30)
at kiteTest.kiteTest1.openBrowser(kiteTest1.java:30)
at kiteTest.kiteTest1.openBrowser(kiteTest1.java:30)
at kiteTest.kiteTest1.openBrowser(kiteTest1.java:30)
at kiteTest.kiteTest1.openBrowser(kiteTest1.java:30)
at kiteTest.kiteTest1.openBrowser(kiteTest1.java:30)
at kiteTest.kiteTest1.openBrowser(kiteTest1.java:30)
at kiteTest.kiteTest1.openBrowser(kiteTest1.java:30)
at kiteTest.kiteTest1.openBrowser(kiteTest1.java:30)
at kiteTest.kiteTest1.openBrowser(kiteTest1.java:30)
at kiteTest.kiteTest1.openBrowser(kiteTest1.java:30)
at kiteTest.kiteTest1.openBrowser(kiteTest1.java:30)
at kiteTest.kiteTest1.openBrowser(kiteTest1.java:30)
at kiteTest.kiteTest1.openBrowser(kiteTest1.java:30)
at kiteTest.kiteTest1.openBrowser(kiteTest1.java:30)
at kiteTest.kiteTest1.openBrowser(kiteTest1.java:30)
at kiteTest.kiteTest1.openBrowser(kiteTest1.java:30)
at kiteTest.kiteTest1.openBrowser(kiteTest1.java:30)
at kiteTest.kiteTest1.openBrowser(kiteTest1.java:30)
at kiteTest.kiteTest1.openBrowser(kiteTest1.java:30)
at kiteTest.kiteTest1.openBrowser(kiteTest1.java:30)
at kiteTest.kiteTest1.openBrowser(kiteTest1.java:30)
at kiteTest.kiteTest1.openBrowser(kiteTest1.java:30)
at kiteTest.kiteTest1.openBrowser(kiteTest1.java:30)
at kiteTest.kiteTest1.openBrowser(kiteTest1.java:30)
at kiteTest.kiteTest1.openBrowser(kiteTest1.java:30)
at kiteTest.kiteTest1.openBrowser(kiteTest1.java:30)
at kiteTest.kiteTest1.openBrowser(kiteTest1.java:30)
at kiteTest.kiteTest1.openBrowser(kiteTest1.java:30)
at kiteTest.kiteTest1.openBrowser(kiteTest1.java:30)
at kiteTest.kiteTest1.openBrowser(kiteTest1.java:30)
at kiteTest.kiteTest1.openBrowser(kiteTest1.java:30)
at kiteTest.kiteTest1.openBrowser(kiteTest1.java:30)
at kiteTest.kiteTest1.openBrowser(kiteTest1.java:30)
at kiteTest.kiteTest1.openBrowser(kiteTest1.java:30)
at kiteTest.kiteTest1.openBrowser(kiteTest1.java:30)
at kiteTest.kiteTest1.openBrowser(kiteTest1.java:30)
at kiteTest.kiteTest1.openBrowser(kiteTest1.java:30)
at kiteTest.kiteTest1.openBrowser(kiteTest1.java:30)
at kiteTest.kiteTest1.openBrowser(kiteTest1.java:30)
at kiteTest.kiteTest1.openBrowser(kiteTest1.java:30)
at kiteTest.kiteTest1.openBrowser(kiteTest1.java:30)
at kiteTest.kiteTest1.openBrowser(kiteTest1.java:30)
at kiteTest.kiteTest1.openBrowser(kiteTest1.java:30)
at kiteTest.kiteTest1.openBrowser(kiteTest1.java:30)
at kiteTest.kiteTest1.openBrowser(kiteTest1.java:30)
at kiteTest.kiteTest1.openBrowser(kiteTest1.java:30)
at kiteTest.kiteTest1.openBrowser(kiteTest1.java:30)
at kiteTest.kiteTest1.openBrowser(kiteTest1.java:30)
at kiteTest.kiteTest1.openBrowser(kiteTest1.java:30)
at kiteTest.kiteTest1.openBrowser(kiteTest1.java:30)
at kiteTest.kiteTest1.openBrowser(kiteTest1.java:30)
at kiteTest.kiteTest1.openBrowser(kiteTest1.java:30)
at kiteTest.kiteTest1.openBrowser(kiteTest1.java:30)
at kiteTest.kiteTest1.openBrowser(kiteTest1.java:30)
at kiteTest.kiteTest1.openBrowser(kiteTest1.java:30)
at kiteTest.kiteTest1.openBrowser(kiteTest1.java:30)
at kiteTest.kiteTest1.openBrowser(kiteTest1.java:30)
at kiteTest.kiteTest1.openBrowser(kiteTest1.java:30)
at kiteTest.kiteTest1.openBrowser(kiteTest1.java:30)
at kiteTest.kiteTest1.openBrowser(kiteTest1.java:30)
at kiteTest.kiteTest1.openBrowser(kiteTest1.java:30)
at kiteTest.kiteTest1.openBrowser(kiteTest1.java:30)
at kiteTest.kiteTest1.openBrowser(kiteTest1.java:30)
at kiteTest.kiteTest1.openBrowser(kiteTest1.java:30)
at kiteTest.kiteTest1.openBrowser(kiteTest1.java:30)
at kiteTest.kiteTest1.openBrowser(kiteTest1.java:30)
at kiteTest.kiteTest1.openBrowser(kiteTest1.java:30)
at kiteTest.kiteTest1.openBrowser(kiteTest1.java:30)
at kiteTest.kiteTest1.openBrowser(kiteTest1.java:30)
at kiteTest.kiteTest1.openBrowser(kiteTest1.java:30)
at kiteTest.kiteTest1.openBrowser(kiteTest1.java:30)
at kiteTest.kiteTest1.openBrowser(kiteTest1.java:30)
at kiteTest.kiteTest1.openBrowser(kiteTest1.java:30)
at kiteTest.kiteTest1.openBrowser(kiteTest1.java:30)
at kiteTest.kiteTest1.openBrowser(kiteTest1.java:30)
at kiteTest.kiteTest1.openBrowser(kiteTest1.java:30)
at kiteTest.kiteTest1.openBrowser(kiteTest1.java:30)
at kiteTest.kiteTest1.openBrowser(kiteTest1.java:30)
at kiteTest.kiteTest1.openBrowser(kiteTest1.java:30)
at kiteTest.kiteTest1.openBrowser(kiteTest1.java:30)
at kiteTest.kiteTest1.openBrowser(kiteTest1.java:30)
at kiteTest.kiteTest1.openBrowser(kiteTest1.java:30)
at kiteTest.kiteTest1.openBrowser(kiteTest1.java:30)
at kiteTest.kiteTest1.openBrowser(kiteTest1.java:30)
at kiteTest.kiteTest1.openBrowser(kiteTest1.java:30)
at kiteTest.kiteTest1.openBrowser(kiteTest1.java:30)
at kiteTest.kiteTest1.openBrowser(kiteTest1.java:30)
at kiteTest.kiteTest1.openBrowser(kiteTest1.java:30)
at kiteTest.kiteTest1.openBrowser(kiteTest1.java:30)
at kiteTest.kiteTest1.openBrowser(kiteTest1.java:30)
at kiteTest.kiteTest1.openBrowser(kiteTest1.java:30)
at kiteTest.kiteTest1.openBrowser(kiteTest1.java:30)
at kiteTest.kiteTest1.openBrowser(kiteTest1.java:30)
at kiteTest.kiteTest1.openBrowser(kiteTest1.java:30)
at kiteTest.kiteTest1.openBrowser(kiteTest1.java:30)
at kiteTest.kiteTest1.openBrowser(kiteTest1.java:30)
at kiteTest.kiteTest1.openBrowser(kiteTest1.java:30)
at kiteTest.kiteTest1.openBrowser(kiteTest1.java:30)
at kiteTest.kiteTest1.openBrowser(kiteTest1.java:30)
at kiteTest.kiteTest1.openBrowser(kiteTest1.java:30)
at kiteTest.kiteTest1.openBrowser(kiteTest1.java:30)
at kiteTest.kiteTest1.openBrowser(kiteTest1.java:30)
at kiteTest.kiteTest1.openBrowser(kiteTest1.java:30)
at kiteTest.kiteTest1.openBrowser(kiteTest1.java:30)
at kiteTest.kiteTest1.openBrowser(kiteTest1.java:30)
at kiteTest.kiteTest1.openBrowser(kiteTest1.java:30)
at kiteTest.kiteTest1.openBrowser(kiteTest1.java:30)
at kiteTest.kiteTest1.openBrowser(kiteTest1.java:30)
at kiteTest.kiteTest1.openBrowser(kiteTest1.java:30)
at kiteTest.kiteTest1.openBrowser(kiteTest1.java:30)
at kiteTest.kiteTest1.openBrowser(kiteTest1.java:30)
at kiteTest.kiteTest1.openBrowser(kiteTest1.java:30)
at kiteTest.kiteTest1.openBrowser(kiteTest1.java:30)
at kiteTest.kiteTest1.openBrowser(kiteTest1.java:30)
at kiteTest.kiteTest1.openBrowser(kiteTest1.java:30)
at kiteTest.kiteTest1.openBrowser(kiteTest1.java:30)
at kiteTest.kiteTest1.openBrowser(kiteTest1.java:30)
at kiteTest.kiteTest1.openBrowser(kiteTest1.java:30)
at kiteTest.kiteTest1.openBrowser(kiteTest1.java:30)
at kiteTest.kiteTest1.openBrowser(kiteTest1.java:30)
at kiteTest.kiteTest1.openBrowser(kiteTest1.java:30)
at kiteTest.kiteTest1.openBrowser(kiteTest1.java:30)
at kiteTest.kiteTest1.openBrowser(kiteTest1.java:30)
at kiteTest.kiteTest1.openBrowser(kiteTest1.java:30)
at kiteTest.kiteTest1.openBrowser(kiteTest1.java:30)
at kiteTest.kiteTest1.openBrowser(kiteTest1.java:30)
at kiteTest.kiteTest1.openBrowser(kiteTest1.java:30)
at kiteTest.kiteTest1.openBrowser(kiteTest1.java:30)
at kiteTest.kiteTest1.openBrowser(kiteTest1.java:30)
at kiteTest.kiteTest1.openBrowser(kiteTest1.java:30)
at kiteTest.kiteTest1.openBrowser(kiteTest1.java:30)
at kiteTest.kiteTest1.openBrowser(kiteTest1.java:30)
at kiteTest.kiteTest1.openBrowser(kiteTest1.java:30)
at kiteTest.kiteTest1.openBrowser(kiteTest1.java:30)
at kiteTest.kiteTest1.openBrowser(kiteTest1.java:30)
at kiteTest.kiteTest1.openBrowser(kiteTest1.java:30)
at kiteTest.kiteTest1.openBrowser(kiteTest1.java:30)
at kiteTest.kiteTest1.openBrowser(kiteTest1.java:30)
at kiteTest.kiteTest1.openBrowser(kiteTest1.java:30)
at kiteTest.kiteTest1.openBrowser(kiteTest1.java:30)
at kiteTest.kiteTest1.openBrowser(kiteTest1.java:30)
at kiteTest.kiteTest1.openBrowser(kiteTest1.java:30)
at kiteTest.kiteTest1.openBrowser(kiteTest1.java:30)
at kiteTest.kiteTest1.openBrowser(kiteTest1.java:30)
at kiteTest.kiteTest1.openBrowser(kiteTest1.java:30)
at kiteTest.kiteTest1.openBrowser(kiteTest1.java:30)
at kiteTest.kiteTest1.openBrowser(kiteTest1.java:30)
at kiteTest.kiteTest1.openBrowser(kiteTest1.java:30)
at kiteTest.kiteTest1.openBrowser(kiteTest1.java:30)
at kiteTest.kiteTest1.openBrowser(kiteTest1.java:30)
at kiteTest.kiteTest1.openBrowser(kiteTest1.java:30)
at kiteTest.kiteTest1.openBrowser(kiteTest1.java:30)
at kiteTest.kiteTest1.openBrowser(kiteTest1.java:30)
at kiteTest.kiteTest1.openBrowser(kiteTest1.java:30)
at kiteTest.kiteTest1.openBrowser(kiteTest1.java:30)
at kiteTest.kiteTest1.openBrowser(kiteTest1.java:30)
at kiteTest.kiteTest1.openBrowser(kiteTest1.java:30)
at kiteTest.kiteTest1.openBrowser(kiteTest1.java:30)
at kiteTest.kiteTest1.openBrowser(kiteTest1.java:30)
at kiteTest.kiteTest1.openBrowser(kiteTest1.java:30)
at kiteTest.kiteTest1.openBrowser(kiteTest1.java:30)
at kiteTest.kiteTest1.openBrowser(kiteTest1.java:30)
at kiteTest.kiteTest1.openBrowser(kiteTest1.java:30)
at kiteTest.kiteTest1.openBrowser(kiteTest1.java:30)
at kiteTest.kiteTest1.openBrowser(kiteTest1.java:30)
at kiteTest.kiteTest1.openBrowser(kiteTest1.java:30)
at kiteTest.kiteTest1.openBrowser(kiteTest1.java:30)
at kiteTest.kiteTest1.openBrowser(kiteTest1.java:30)
at kiteTest.kiteTest1.openBrowser(kiteTest1.java:30)
at kiteTest.kiteTest1.openBrowser(kiteTest1.java:30)
at kiteTest.kiteTest1.openBrowser(kiteTest1.java:30)
at kiteTest.kiteTest1.openBrowser(kiteTest1.java:30)
at kiteTest.kiteTest1.openBrowser(kiteTest1.java:30)
at kiteTest.kiteTest1.openBrowser(kiteTest1.java:30)
at kiteTest.kiteTest1.openBrowser(kiteTest1.java:30)
at kiteTest.kiteTest1.openBrowser(kiteTest1.java:30)
at kiteTest.kiteTest1.openBrowser(kiteTest1.java:30)
at kiteTest.kiteTest1.openBrowser(kiteTest1.java:30)
at kiteTest.kiteTest1.openBrowser(kiteTest1.java:30)
at kiteTest.kiteTest1.openBrowser(kiteTest1.java:30)
at kiteTest.kiteTest1.openBrowser(kiteTest1.java:30)
at kiteTest.kiteTest1.openBrowser(kiteTest1.java:30)
at kiteTest.kiteTest1.openBrowser(kiteTest1.java:30)
at kiteTest.kiteTest1.openBrowser(kiteTest1.java:30)
at kiteTest.kiteTest1.openBrowser(kiteTest1.java:30)
at kiteTest.kiteTest1.openBrowser(kiteTest1.java:30)
at kiteTest.kiteTest1.openBrowser(kiteTest1.java:30)
at kiteTest.kiteTest1.openBrowser(kiteTest1.java:30)
at kiteTest.kiteTest1.openBrowser(kiteTest1.java:30)
at kiteTest.kiteTest1.openBrowser(kiteTest1.java:30)
at kiteTest.kiteTest1.openBrowser(kiteTest1.java:30)
at kiteTest.kiteTest1.openBrowser(kiteTest1.java:30)
at kiteTest.kiteTest1.openBrowser(kiteTest1.java:30)
at kiteTest.kiteTest1.openBrowser(kiteTest1.java:30)
at kiteTest.kiteTest1.openBrowser(kiteTest1.java:30)
at kiteTest.kiteTest1.openBrowser(kiteTest1.java:30)
at kiteTest.kiteTest1.openBrowser(kiteTest1.java:30)
at kiteTest.kiteTest1.openBrowser(kiteTest1.java:30)
at kiteTest.kiteTest1.openBrowser(kiteTest1.java:30)
at kiteTest.kiteTest1.openBrowser(kiteTest1.java:30)
at kiteTest.kiteTest1.openBrowser(kiteTest1.java:30)
at kiteTest.kiteTest1.openBrowser(kiteTest1.java:30)
at kiteTest.kiteTest1.openBrowser(kiteTest1.java:30)
at kiteTest.kiteTest1.openBrowser(kiteTest1.java:30)
at kiteTest.kiteTest1.openBrowser(kiteTest1.java:30)
at kiteTest.kiteTest1.openBrowser(kiteTest1.java:30)
at kiteTest.kiteTest1.openBrowser(kiteTest1.java:30)
at kiteTest.kiteTest1.openBrowser(kiteTest1.java:30)
at kiteTest.kiteTest1.openBrowser(kiteTest1.java:30)
at kiteTest.kiteTest1.openBrowser(kiteTest1.java:30)
at kiteTest.kiteTest1.openBrowser(kiteTest1.java:30)
at kiteTest.kiteTest1.openBrowser(kiteTest1.java:30)
at kiteTest.kiteTest1.openBrowser(kiteTest1.java:30)
at kiteTest.kiteTest1.openBrowser(kiteTest1.java:30)
at kiteTest.kiteTest1.openBrowser(kiteTest1.java:30)
at kiteTest.kiteTest1.openBrowser(kiteTest1.java:30)
at kiteTest.kiteTest1.openBrowser(kiteTest1.java:30)
at kiteTest.kiteTest1.openBrowser(kiteTest1.java:30)
at kiteTest.kiteTest1.openBrowser(kiteTest1.java:30)
at kiteTest.kiteTest1.openBrowser(kiteTest1.java:30)
at kiteTest.kiteTest1.openBrowser(kiteTest1.java:30)
at kiteTest.kiteTest1.openBrowser(kiteTest1.java:30)
at kiteTest.kiteTest1.openBrowser(kiteTest1.java:30)
at kiteTest.kiteTest1.openBrowser(kiteTest1.java:30)
at kiteTest.kiteTest1.openBrowser(kiteTest1.java:30)
at kiteTest.kiteTest1.openBrowser(kiteTest1.java:30)
at kiteTest.kiteTest1.openBrowser(kiteTest1.java:30)
at kiteTest.kiteTest1.openBrowser(kiteTest1.java:30)
at kiteTest.kiteTest1.openBrowser(kiteTest1.java:30)
at kiteTest.kiteTest1.openBrowser(kiteTest1.java:30)
at kiteTest.kiteTest1.openBrowser(kiteTest1.java:30)
at kiteTest.kiteTest1.openBrowser(kiteTest1.java:30)
at kiteTest.kiteTest1.openBrowser(kiteTest1.java:30)
at kiteTest.kiteTest1.openBrowser(kiteTest1.java:30)
at kiteTest.kiteTest1.openBrowser(kiteTest1.java:30)
at kiteTest.kiteTest1.openBrowser(kiteTest1.java:30)
at kiteTest.kiteTest1.openBrowser(kiteTest1.java:30)
at kiteTest.kiteTest1.openBrowser(kiteTest1.java:30)
at kiteTest.kiteTest1.openBrowser(kiteTest1.java:30)
at kiteTest.kiteTest1.openBrowser(kiteTest1.java:30)
at kiteTest.kiteTest1.openBrowser(kiteTest1.java:30)
at kiteTest.kiteTest1.openBrowser(kiteTest1.java:30)
at kiteTest.kiteTest1.openBrowser(kiteTest1.java:30)
at kiteTest.kiteTest1.openBrowser(kiteTest1.java:30)
at kiteTest.kiteTest1.openBrowser(kiteTest1.java:30)
at kiteTest.kiteTest1.openBrowser(kiteTest1.java:30)
at kiteTest.kiteTest1.openBrowser(kiteTest1.java:30)
at kiteTest.kiteTest1.openBrowser(kiteTest1.java:30)
at kiteTest.kiteTest1.openBrowser(kiteTest1.java:30)
at kiteTest.kiteTest1.openBrowser(kiteTest1.java:30)
at kiteTest.kiteTest1.openBrowser(kiteTest1.java:30)
at kiteTest.kiteTest1.openBrowser(kiteTest1.java:30)
at kiteTest.kiteTest1.openBrowser(kiteTest1.java:30)
at kiteTest.kiteTest1.openBrowser(kiteTest1.java:30)
at kiteTest.kiteTest1.openBrowser(kiteTest1.java:30)
at kiteTest.kiteTest1.openBrowser(kiteTest1.java:30)
at kiteTest.kiteTest1.openBrowser(kiteTest1.java:30)
at kiteTest.kiteTest1.openBrowser(kiteTest1.java:30)
at kiteTest.kiteTest1.openBrowser(kiteTest1.java:30)
at kiteTest.kiteTest1.openBrowser(kiteTest1.java:30)
at kiteTest.kiteTest1.openBrowser(kiteTest1.java:30)
at kiteTest.kiteTest1.openBrowser(kiteTest1.java:30)
at kiteTest.kiteTest1.openBrowser(kiteTest1.java:30)
at kiteTest.kiteTest1.openBrowser(kiteTest1.java:30)
at kiteTest.kiteTest1.openBrowser(kiteTest1.java:30)
at kiteTest.kiteTest1.openBrowser(kiteTest1.java:30)
at kiteTest.kiteTest1.openBrowser(kiteTest1.java:30)
at kiteTest.kiteTest1.openBrowser(kiteTest1.java:30)
at kiteTest.kiteTest1.openBrowser(kiteTest1.java:30)
at kiteTest.kiteTest1.openBrowser(kiteTest1.java:30)
at kiteTest.kiteTest1.openBrowser(kiteTest1.java:30)
at kiteTest.kiteTest1.openBrowser(kiteTest1.java:30)
at kiteTest.kiteTest1.openBrowser(kiteTest1.java:30)
at kiteTest.kiteTest1.openBrowser(kiteTest1.java:30)
at kiteTest.kiteTest1.openBrowser(kiteTest1.java:30)
at kiteTest.kiteTest1.openBrowser(kiteTest1.java:30)
at kiteTest.kiteTest1.openBrowser(kiteTest1.java:30)
at kiteTest.kiteTest1.openBrowser(kiteTest1.java:30)
at kiteTest.kiteTest1.openBrowser(kiteTest1.java:30)
at kiteTest.kiteTest1.openBrowser(kiteTest1.java:30)
at kiteTest.kiteTest1.openBrowser(kiteTest1.java:30)
at kiteTest.kiteTest1.openBrowser(kiteTest1.java:30)
at kiteTest.kiteTest1.openBrowser(kiteTest1.java:30)
at kiteTest.kiteTest1.openBrowser(kiteTest1.java:30)
at kiteTest.kiteTest1.openBrowser(kiteTest1.java:30)
at kiteTest.kiteTest1.openBrowser(kiteTest1.java:30)
at kiteTest.kiteTest1.openBrowser(kiteTest1.java:30)
at kiteTest.kiteTest1.openBrowser(kiteTest1.java:30)
at kiteTest.kiteTest1.openBrowser(kiteTest1.java:30)
at kiteTest.kiteTest1.openBrowser(kiteTest1.java:30)
at kiteTest.kiteTest1.openBrowser(kiteTest1.java:30)
at kiteTest.kiteTest1.openBrowser(kiteTest1.java:30)
at kiteTest.kiteTest1.openBrowser(kiteTest1.java:30)
at kiteTest.kiteTest1.openBrowser(kiteTest1.java:30)
at kiteTest.kiteTest1.openBrowser(kiteTest1.java:30)
at kiteTest.kiteTest1.openBrowser(kiteTest1.java:30)
at kiteTest.kiteTest1.openBrowser(kiteTest1.java:30)
at kiteTest.kiteTest1.openBrowser(kiteTest1.java:30)
at kiteTest.kiteTest1.openBrowser(kiteTest1.java:30)
at kiteTest.kiteTest1.openBrowser(kiteTest1.java:30)
at kiteTest.kiteTest1.openBrowser(kiteTest1.java:30)
at kiteTest.kiteTest1.openBrowser(kiteTest1.java:30)
at kiteTest.kiteTest1.openBrowser(kiteTest1.java:30)
at kiteTest.kiteTest1.openBrowser(kiteTest1.java:30)
at kiteTest.kiteTest1.openBrowser(kiteTest1.java:30)
at kiteTest.kiteTest1.openBrowser(kiteTest1.java:30)
at kiteTest.kiteTest1.openBrowser(kiteTest1.java:30)
at kiteTest.kiteTest1.openBrowser(kiteTest1.java:30)
at kiteTest.kiteTest1.openBrowser(kiteTest1.java:30)
at kiteTest.kiteTest1.openBrowser(kiteTest1.java:30)
at kiteTest.kiteTest1.openBrowser(kiteTest1.java:30)
at kiteTest.kiteTest1.openBrowser(kiteTest1.java:30)
at kiteTest.kiteTest1.openBrowser(kiteTest1.java:30)
at kiteTest.kiteTest1.openBrowser(kiteTest1.java:30)
at kiteTest.kiteTest1.openBrowser(kiteTest1.java:30)
at kiteTest.kiteTest1.openBrowser(kiteTest1.java:30)
at kiteTest.kiteTest1.openBrowser(kiteTest1.java:30)
at kiteTest.kiteTest1.openBrowser(kiteTest1.java:30)
at kiteTest.kiteTest1.openBrowser(kiteTest1.java:30)
at kiteTest.kiteTest1.openBrowser(kiteTest1.java:30)
at kiteTest.kiteTest1.openBrowser(kiteTest1.java:30)
at kiteTest.kiteTest1.openBrowser(kiteTest1.java:30)
at kiteTest.kiteTest1.openBrowser(kiteTest1.java:30)
at kiteTest.kiteTest1.openBrowser(kiteTest1.java:30)
at kiteTest.kiteTest1.openBrowser(kiteTest1.java:30)
at kiteTest.kiteTest1.openBrowser(kiteTest1.java:30)
at kiteTest.kiteTest1.openBrowser(kiteTest1.java:30)
at kiteTest.kiteTest1.openBrowser(kiteTest1.java:30)
at kiteTest.kiteTest1.openBrowser(kiteTest1.java:30)
at kiteTest.kiteTest1.openBrowser(kiteTest1.java:30)
at kiteTest.kiteTest1.openBrowser(kiteTest1.java:30)
at kiteTest.kiteTest1.openBrowser(kiteTest1.java:30)
at kiteTest.kiteTest1.openBrowser(kiteTest1.java:30)
at kiteTest.kiteTest1.openBrowser(kiteTest1.java:30)
at kiteTest.kiteTest1.openBrowser(kiteTest1.java:30)
at kiteTest.kiteTest1.openBrowser(kiteTest1.java:30)
at kiteTest.kiteTest1.openBrowser(kiteTest1.java:30)
at kiteTest.kiteTest1.openBrowser(kiteTest1.java:30)
at kiteTest.kiteTest1.openBrowser(kiteTest1.java:30)
at kiteTest.kiteTest1.openBrowser(kiteTest1.java:30)
at kiteTest.kiteTest1.openBrowser(kiteTest1.java:30)
at kiteTest.kiteTest1.openBrowser(kiteTest1.java:30)
at kiteTest.kiteTest1.openBrowser(kiteTest1.java:30)
at kiteTest.kiteTest1.openBrowser(kiteTest1.java:30)
at kiteTest.kiteTest1.openBrowser(kiteTest1.java:30)
at kiteTest.kiteTest1.openBrowser(kiteTest1.java:30)
at kiteTest.kiteTest1.openBrowser(kiteTest1.java:30)
at kiteTest.kiteTest1.openBrowser(kiteTest1.java:30)
at kiteTest.kiteTest1.openBrowser(kiteTest1.java:30)
at kiteTest.kiteTest1.openBrowser(kiteTest1.java:30)
at kiteTest.kiteTest1.openBrowser(kiteTest1.java:30)
at kiteTest.kiteTest1.openBrowser(kiteTest1.java:30)
at kiteTest.kiteTest1.openBrowser(kiteTest1.java:30)
at kiteTest.kiteTest1.openBrowser(kiteTest1.java:30)
at kiteTest.kiteTest1.openBrowser(kiteTest1.java:30)
at kiteTest.kiteTest1.openBrowser(kiteTest1.java:30)
at kiteTest.kiteTest1.openBrowser(kiteTest1.java:30)
at kiteTest.kiteTest1.openBrowser(kiteTest1.java:30)
at kiteTest.kiteTest1.openBrowser(kiteTest1.java:30)
at kiteTest.kiteTest1.openBrowser(kiteTest1.java:30)
at kiteTest.kiteTest1.openBrowser(kiteTest1.java:30)
at kiteTest.kiteTest1.openBrowser(kiteTest1.java:30)
at kiteTest.kiteTest1.openBrowser(kiteTest1.java:30)
at kiteTest.kiteTest1.openBrowser(kiteTest1.java:30)
at kiteTest.kiteTest1.openBrowser(kiteTest1.java:30)
at kiteTest.kiteTest1.openBrowser(kiteTest1.java:30)
at kiteTest.kiteTest1.openBrowser(kiteTest1.java:30)
at kiteTest.kiteTest1.openBrowser(kiteTest1.java:30)
at kiteTest.kiteTest1.openBrowser(kiteTest1.java:30)
at kiteTest.kiteTest1.openBrowser(kiteTest1.java:30)
at kiteTest.kiteTest1.openBrowser(kiteTest1.java:30)
at kiteTest.kiteTest1.openBrowser(kiteTest1.java:30)
at kiteTest.kiteTest1.openBrowser(kiteTest1.java:30)
at kiteTest.kiteTest1.openBrowser(kiteTest1.java:30)
at kiteTest.kiteTest1.openBrowser(kiteTest1.java:30)
at kiteTest.kiteTest1.openBrowser(kiteTest1.java:30)
at kiteTest.kiteTest1.openBrowser(kiteTest1.java:30)
at kiteTest.kiteTest1.openBrowser(kiteTest1.java:30)
at kiteTest.kiteTest1.openBrowser(kiteTest1.java:30)
at kiteTest.kiteTest1.openBrowser(kiteTest1.java:30)
at kiteTest.kiteTest1.openBrowser(kiteTest1.java:30)
at kiteTest.kiteTest1.openBrowser(kiteTest1.java:30)
at kiteTest.kiteTest1.openBrowser(kiteTest1.java:30)
at kiteTest.kiteTest1.openBrowser(kiteTest1.java:30)
at kiteTest.kiteTest1.openBrowser(kiteTest1.java:30)
at kiteTest.kiteTest1.openBrowser(kiteTest1.java:30)
at kiteTest.kiteTest1.openBrowser(kiteTest1.java:30)
at kiteTest.kiteTest1.openBrowser(kiteTest1.java:30)
at kiteTest.kiteTest1.openBrowser(kiteTest1.java:30)
at kiteTest.kiteTest1.openBrowser(kiteTest1.java:30)
at kiteTest.kiteTest1.openBrowser(kiteTest1.java:30)
at kiteTest.kiteTest1.openBrowser(kiteTest1.java:30)
at kiteTest.kiteTest1.openBrowser(kiteTest1.java:30)
at kiteTest.kiteTest1.openBrowser(kiteTest1.java:30)
at kiteTest.kiteTest1.openBrowser(kiteTest1.java:30)
at kiteTest.kiteTest1.openBrowser(kiteTest1.java:30)
at kiteTest.kiteTest1.openBrowser(kiteTest1.java:30)
at kiteTest.kiteTest1.openBrowser(kiteTest1.java:30)
at kiteTest.kiteTest1.openBrowser(kiteTest1.java:30)
at kiteTest.kiteTest1.openBrowser(kiteTest1.java:30)
at kiteTest.kiteTest1.openBrowser(kiteTest1.java:30)
at kiteTest.kiteTest1.openBrowser(kiteTest1.java:30)
at kiteTest.kiteTest1.openBrowser(kiteTest1.java:30)
at kiteTest.kiteTest1.openBrowser(kiteTest1.java:30)
at kiteTest.kiteTest1.openBrowser(kiteTest1.java:30)
at kiteTest.kiteTest1.openBrowser(kiteTest1.java:30)
at kiteTest.kiteTest1.openBrowser(kiteTest1.java:30)
at kiteTest.kiteTest1.openBrowser(kiteTest1.java:30)
at kiteTest.kiteTest1.openBrowser(kiteTest1.java:30)
at kiteTest.kiteTest1.openBrowser(kiteTest1.java:30)
at kiteTest.kiteTest1.openBrowser(kiteTest1.java:30)
at kiteTest.kiteTest1.openBrowser(kiteTest1.java:30)
at kiteTest.kiteTest1.openBrowser(kiteTest1.java:30)
at kiteTest.kiteTest1.openBrowser(kiteTest1.java:30)
at kiteTest.kiteTest1.openBrowser(kiteTest1.java:30)
at kiteTest.kiteTest1.openBrowser(kiteTest1.java:30)
at kiteTest.kiteTest1.openBrowser(kiteTest1.java:30)
at kiteTest.kiteTest1.openBrowser(kiteTest1.java:30)
at kiteTest.kiteTest1.openBrowser(kiteTest1.java:30)
at kiteTest.kiteTest1.openBrowser(kiteTest1.java:30)
at kiteTest.kiteTest1.openBrowser(kiteTest1.java:30)
at kiteTest.kiteTest1.openBrowser(kiteTest1.java:30)
at kiteTest.kiteTest1.openBrowser(kiteTest1.java:30)
at kiteTest.kiteTest1.openBrowser(kiteTest1.java:30)
at kiteTest.kiteTest1.openBrowser(kiteTest1.java:30)
at kiteTest.kiteTest1.openBrowser(kiteTest1.java:30)
at kiteTest.kiteTest1.openBrowser(kiteTest1.java:30)
at kiteTest.kiteTest1.openBrowser(kiteTest1.java:30)
at kiteTest.kiteTest1.openBrowser(kiteTest1.java:30)
at kiteTest.kiteTest1.openBrowser(kiteTest1.java:30)
at kiteTest.kiteTest1.openBrowser(kiteTest1.java:30)
at kiteTest.kiteTest1.openBrowser(kiteTest1.java:30)
at kiteTest.kiteTest1.openBrowser(kiteTest1.java:30)
at kiteTest.kiteTest1.openBrowser(kiteTest1.java:30)
at kiteTest.kiteTest1.openBrowser(kiteTest1.java:30)
at kiteTest.kiteTest1.openBrowser(kiteTest1.java:30)
at kiteTest.kiteTest1.openBrowser(kiteTest1.java:30)
at kiteTest.kiteTest1.openBrowser(kiteTest1.java:30)
at kiteTest.kiteTest1.openBrowser(kiteTest1.java:30)
at kiteTest.kiteTest1.openBrowser(kiteTest1.java:30)
at kiteTest.kiteTest1.openBrowser(kiteTest1.java:30)
at kiteTest.kiteTest1.openBrowser(kiteTest1.java:30)
at kiteTest.kiteTest1.openBrowser(kiteTest1.java:30)
at kiteTest.kiteTest1.openBrowser(kiteTest1.java:30)
at kiteTest.kiteTest1.openBrowser(kiteTest1.java:30)
at kiteTest.kiteTest1.openBrowser(kiteTest1.java:30)
at kiteTest.kiteTest1.openBrowser(kiteTest1.java:30)
at kiteTest.kiteTest1.openBrowser(kiteTest1.java:30)
at kiteTest.kiteTest1.openBrowser(kiteTest1.java:30)
at kiteTest.kiteTest1.openBrowser(kiteTest1.java:30)
at kiteTest.kiteTest1.openBrowser(kiteTest1.java:30)
at kiteTest.kiteTest1.openBrowser(kiteTest1.java:30)
at kiteTest.kiteTest1.openBrowser(kiteTest1.java:30)
at kiteTest.kiteTest1.openBrowser(kiteTest1.java:30)
at kiteTest.kiteTest1.openBrowser(kiteTest1.java:30)
at kiteTest.kiteTest1.openBrowser(kiteTest1.java:30)
at kiteTest.kiteTest1.openBrowser(kiteTest1.java:30)
at kiteTest.kiteTest1.openBrowser(kiteTest1.java:30)
at kiteTest.kiteTest1.openBrowser(kiteTest1.java:30)
at kiteTest.kiteTest1.openBrowser(kiteTest1.java:30)
at kiteTest.kiteTest1.openBrowser(kiteTest1.java:30)
at kiteTest.kiteTest1.openBrowser(kiteTest1.java:30)
at kiteTest.kiteTest1.openBrowser(kiteTest1.java:30)
]]>
    </error>
  </testcase> <!-- openBrowser -->
  <system-out/>
  <testcase classname="kiteTest.kiteTest1" name="validateUserID" time="0.001">
    <skipped/>
  </testcase> <!-- validateUserID -->
  <system-out/>
</testsuite> <!-- kiteTest.kiteTest1 -->
