<?xml version="1.0" encoding="UTF-8"?>
<!-- Generated by org.testng.reporters.JUnitReportReporter -->
<testsuite hostname="LAPTOP-SQ25DLVN" failures="0" tests="1" name="VerificationUseTestNG.MultipleVerification" time="0.020" errors="0" timestamp="2022-06-28T14:49:23 IST" skipped="0">
  <testcase classname="VerificationUseTestNG.MultipleVerification" name="f" time="0.020"/>
  <system-out/>
</testsuite> <!-- VerificationUseTestNG.MultipleVerification -->
