<?xml version="1.0" encoding="UTF-8"?>
<!-- Generated by org.testng.reporters.JUnitReportReporter -->
<testsuite hostname="LAPTOP-SQ25DLVN" failures="0" tests="3" name="TestNGKeywords.DependsInmethod" time="0.032" errors="0" timestamp="2022-06-25T18:28:51 IST" skipped="0">
  <testcase classname="TestNGKeywords.DependsInmethod" name="d" time="0.000"/>
  <system-out>
    <![CDATA[d is running]]>
  </system-out>
  <testcase classname="TestNGKeywords.DependsInmethod" name="v" time="0.000"/>
  <system-out>
    <![CDATA[v is running]]>
  </system-out>
  <testcase classname="TestNGKeywords.DependsInmethod" name="m" time="0.032"/>
  <system-out>
    <![CDATA[m is running]]>
  </system-out>
</testsuite> <!-- TestNGKeywords.DependsInmethod -->
