<?xml version="1.0" encoding="UTF-8"?>
<!-- Generated by org.testng.reporters.JUnitReportReporter -->
<testsuite hostname="LAPTOP-SQ25DLVN" failures="0" tests="1" name="crossBrouserStd.FireFoxUse" time="21.643" errors="0" timestamp="2022-07-06T18:43:06 IST" skipped="0">
  <testcase classname="crossBrouserStd.FireFoxUse" name="MyMtd" time="21.643"/>
  <system-out/>
</testsuite> <!-- crossBrouserStd.FireFoxUse -->
