<?xml version="1.0" encoding="UTF-8"?>
<!-- Generated by org.testng.reporters.JUnitReportReporter -->
<testsuite hostname="LAPTOP-SQ25DLVN" failures="0" tests="1" name="VerificationUseTestNG.AssertTrueUse" time="0.020" errors="0" timestamp="2022-06-28T14:37:30 IST" skipped="0">
  <testcase classname="VerificationUseTestNG.AssertTrueUse" name="m1" time="0.020"/>
  <system-out>
    <![CDATA[tc is passed value is false]]>
  </system-out>
</testsuite> <!-- VerificationUseTestNG.AssertTrueUse -->
