<?xml version="1.0" encoding="UTF-8"?>
<!-- Generated by org.testng.reporters.JUnitReportReporter -->
<testsuite hostname="LAPTOP-SQ25DLVN" failures="0" tests="1" name="kitePomExcelReadingUsingTestNG.validatePomUsingtestNG" time="3.989" errors="0" timestamp="2022-07-05T17:15:56 IST" skipped="0">
  <testcase classname="kitePomExcelReadingUsingTestNG.validatePomUsingtestNG" name="validateUserName" time="3.989"/>
  <system-out>
    <![CDATA[Validating UserName
Actual and Expected UD are matching TC PASSED]]>
  </system-out>
</testsuite> <!-- kitePomExcelReadingUsingTestNG.validatePomUsingtestNG -->
