<?xml version="1.0" encoding="UTF-8"?>
<!-- Generated by org.testng.reporters.JUnitReportReporter -->
<testsuite hostname="LAPTOP-SQ25DLVN" failures="0" tests="1" name="kiteTest.kiteTest2" time="5.290" errors="0" timestamp="2022-07-04T14:43:03 IST" skipped="0">
  <testcase classname="kiteTest.kiteTest2" name="validateUserID" time="5.290"/>
  <system-out/>
</testsuite> <!-- kiteTest.kiteTest2 -->
