<?xml version="1.0" encoding="UTF-8"?>
<!-- Generated by org.testng.reporters.JUnitReportReporter -->
<testsuite hostname="LAPTOP-SQ25DLVN" failures="0" tests="1" name="parellalSerial.TestNgClass1" time="11.143" errors="0" timestamp="2022-07-02T17:23:16 IST" skipped="0">
  <testcase classname="parellalSerial.TestNgClass1" name="a" time="11.143"/>
  <system-out/>
</testsuite> <!-- parellalSerial.TestNgClass1 -->
