<?xml version="1.0" encoding="UTF-8"?>
<!-- Generated by org.testng.reporters.JUnitReportReporter -->
<testsuite hostname="LAPTOP-SQ25DLVN" failures="0" tests="4" name="testNGUse.GroupStd2" time="0.023" errors="0" timestamp="2022-07-02T17:28:20 IST" skipped="0">
  <testcase classname="testNGUse.GroupStd2" name="T4" time="0.002"/>
  <system-out>
    <![CDATA[T4 is regression running]]>
  </system-out>
  <testcase classname="testNGUse.GroupStd2" name="T2" time="0.002"/>
  <system-out>
    <![CDATA[T2 is regression running]]>
  </system-out>
  <testcase classname="testNGUse.GroupStd2" name="T1" time="0.017"/>
  <system-out>
    <![CDATA[T1 is running]]>
  </system-out>
  <testcase classname="testNGUse.GroupStd2" name="T3" time="0.002"/>
  <system-out>
    <![CDATA[T3 is sanity  running]]>
  </system-out>
</testsuite> <!-- testNGUse.GroupStd2 -->
