<?xml version="1.0" encoding="UTF-8"?>
<!-- Generated by org.testng.reporters.JUnitReportReporter -->
<testsuite hostname="LAPTOP-SQ25DLVN" failures="0" tests="2" name="include_Exclude.myTestClass" time="0.014" errors="0" timestamp="2022-06-23T22:32:54 IST" skipped="0">
  <testcase classname="include_Exclude.myTestClass" name="a" time="0.012"/>
  <system-out>
    <![CDATA[a is Running]]>
  </system-out>
  <testcase classname="include_Exclude.myTestClass" name="c" time="0.002"/>
  <system-out>
    <![CDATA[c is Running]]>
  </system-out>
</testsuite> <!-- include_Exclude.myTestClass -->
