<?xml version="1.0" encoding="UTF-8"?>
<!-- Generated by org.testng.reporters.JUnitReportReporter -->
<testsuite hostname="LAPTOP-SQ25DLVN" failures="0" tests="3" name="include_Exclude.myTestclass1" time="0.023" errors="0" timestamp="2022-07-02T17:15:17 IST" skipped="0">
  <testcase classname="include_Exclude.myTestclass1" name="r" time="0.002"/>
  <system-out>
    <![CDATA[r is Running]]>
  </system-out>
  <testcase classname="include_Exclude.myTestclass1" name="q" time="0.002"/>
  <system-out>
    <![CDATA[q is Running]]>
  </system-out>
  <testcase classname="include_Exclude.myTestclass1" name="p" time="0.019"/>
  <system-out>
    <![CDATA[p is Running]]>
  </system-out>
</testsuite> <!-- include_Exclude.myTestclass1 -->
