<?xml version="1.0" encoding="UTF-8"?>
<!-- Generated by org.testng.reporters.JUnitReportReporter -->
<testsuite hostname="LAPTOP-SQ25DLVN" failures="0" tests="1" name="parellalSerial.TestNgClass2" time="16.101" errors="0" timestamp="2022-07-02T17:23:16 IST" skipped="0">
  <testcase classname="parellalSerial.TestNgClass2" name="b" time="16.101"/>
  <system-out/>
</testsuite> <!-- parellalSerial.TestNgClass2 -->
