<?xml version="1.0" encoding="UTF-8"?>
<!-- Generated by org.testng.reporters.JUnitReportReporter -->
<testsuite hostname="LAPTOP-SQ25DLVN" failures="0" tests="2" name="testNGUse.GroupStd1" time="0.010" errors="0" timestamp="2022-06-26T20:37:21 IST" skipped="0">
  <testcase classname="testNGUse.GroupStd1" name="Tc2" time="0.009"/>
  <system-out>
    <![CDATA[Tc2 is sanity running]]>
  </system-out>
  <testcase classname="testNGUse.GroupStd1" name="Tc3" time="0.001"/>
  <system-out>
    <![CDATA[Tc3 is  regression running]]>
  </system-out>
</testsuite> <!-- testNGUse.GroupStd1 -->
