<?xml version="1.0" encoding="UTF-8"?>
<!-- Generated by org.testng.reporters.JUnitReportReporter -->
<testsuite hostname="LAPTOP-SQ25DLVN" failures="0" tests="1" name="testNGStudy.NewTest" time="9.760" errors="0" timestamp="2022-06-22T15:58:01 IST" skipped="0">
  <testcase classname="testNGStudy.NewTest" name="MyMethod" time="9.760"/>
  <system-out/>
</testsuite> <!-- testNGStudy.NewTest -->
