<?xml version="1.0" encoding="UTF-8"?>
<!-- Generated by org.testng.reporters.JUnitReportReporter -->
<testsuite hostname="LAPTOP-SQ25DLVN" failures="0" tests="1" name="VerificationUseTestNG.AssertNotnulluse" time="0.021" errors="0" timestamp="2022-06-28T14:47:41 IST" skipped="0">
  <testcase classname="VerificationUseTestNG.AssertNotnulluse" name="s1" time="0.021"/>
  <system-out>
    <![CDATA[value is notnull tc is passed]]>
  </system-out>
</testsuite> <!-- VerificationUseTestNG.AssertNotnulluse -->
