<?xml version="1.0" encoding="UTF-8"?>
<!-- Generated by org.testng.reporters.JUnitReportReporter -->
<testsuite hostname="LAPTOP-SQ25DLVN" failures="0" tests="2" name="testNGStudy.NewTest2" time="21.546" errors="0" timestamp="2022-06-22T17:07:24 IST" skipped="0">
  <testcase classname="testNGStudy.NewTest2" name="m1" time="7.169"/>
  <system-out/>
  <testcase classname="testNGStudy.NewTest2" name="m2" time="14.377"/>
  <system-out/>
</testsuite> <!-- testNGStudy.NewTest2 -->
