<?xml version="1.0" encoding="UTF-8"?>
<!-- Generated by org.testng.reporters.JUnitReportReporter -->
<testsuite hostname="LAPTOP-SQ25DLVN" failures="0" tests="1" name="testNGStudy.NewTest2$NewTest3" time="7.866" errors="0" timestamp="2022-06-22T15:45:16 IST" skipped="0">
  <testcase classname="testNGStudy.NewTest2$NewTest3" name="m1" time="7.866"/>
  <system-out/>
</testsuite> <!-- testNGStudy.NewTest2$NewTest3 -->
