<?xml version="1.0" encoding="UTF-8"?>
<!-- Generated by org.testng.reporters.JUnitReportReporter -->
<testsuite hostname="LAPTOP-SQ25DLVN" failures="0" tests="1" name="VerificationUseTestNG.AssertEqualsUse" time="0.011" errors="0" timestamp="2022-07-05T16:02:47 IST" skipped="0">
  <testcase classname="VerificationUseTestNG.AssertEqualsUse" name="Method1" time="0.011"/>
  <system-out>
    <![CDATA[ a and b values are not matching TC Passed]]>
  </system-out>
</testsuite> <!-- VerificationUseTestNG.AssertEqualsUse -->
