<?xml version="1.0" encoding="UTF-8"?>
<!-- Generated by org.testng.reporters.JUnitReportReporter -->
<testsuite hostname="LAPTOP-SQ25DLVN" failures="0" tests="3" name="TestNGKeywords.PriorityUse" time="0.012" errors="0" timestamp="2022-06-24T16:01:22 IST" skipped="0">
  <testcase classname="TestNGKeywords.PriorityUse" name="t" time="0.010"/>
  <system-out>
    <![CDATA[t is running]]>
  </system-out>
  <testcase classname="TestNGKeywords.PriorityUse" name="s" time="0.001"/>
  <system-out>
    <![CDATA[s is running]]>
  </system-out>
  <testcase classname="TestNGKeywords.PriorityUse" name="b" time="0.001"/>
  <system-out>
    <![CDATA[b is running]]>
  </system-out>
</testsuite> <!-- TestNGKeywords.PriorityUse -->
