<?xml version="1.0" encoding="UTF-8"?>
<!-- Generated by org.testng.reporters.JUnitReportReporter -->
<testsuite hostname="LAPTOP-SQ25DLVN" failures="0" tests="2" name="testNGStudy.Anno_tationStd" time="0.015" errors="0" timestamp="2022-06-22T17:04:55 IST" skipped="0">
  <testcase classname="testNGStudy.Anno_tationStd" name="validateDashBoard" time="0.009"/>
  <system-out>
    <![CDATA[Dashboard is validate]]>
  </system-out>
  <testcase classname="testNGStudy.Anno_tationStd" name="validateUserId" time="0.006"/>
  <system-out>
    <![CDATA[User Id Is validate]]>
  </system-out>
</testsuite> <!-- testNGStudy.Anno_tationStd -->
