<?xml version="1.0" encoding="UTF-8"?>
<!-- Generated by org.testng.reporters.JUnitReportReporter -->
<testsuite hostname="LAPTOP-SQ25DLVN" failures="0" tests="3" name="TestNGKeywords.TimeOUT" time="0.233" errors="0" timestamp="2022-07-02T17:27:50 IST" skipped="0">
  <testcase classname="TestNGKeywords.TimeOUT" name="a" time="0.228"/>
  <system-out>
    <![CDATA[a is running]]>
  </system-out>
  <testcase classname="TestNGKeywords.TimeOUT" name="v" time="0.002"/>
  <system-out>
    <![CDATA[v is running]]>
  </system-out>
  <testcase classname="TestNGKeywords.TimeOUT" name="d" time="0.003"/>
  <system-out>
    <![CDATA[d is running]]>
  </system-out>
</testsuite> <!-- TestNGKeywords.TimeOUT -->
