<?xml version="1.0" encoding="UTF-8"?>
<!-- Generated by org.testng.reporters.JUnitReportReporter -->
<testsuite hostname="LAPTOP-SQ25DLVN" failures="0" tests="1" name="kitePomUsingTestNG.validatePomUsingtestNG" time="5.613" errors="0" timestamp="2022-07-02T17:21:39 IST" skipped="0">
  <testcase classname="kitePomUsingTestNG.validatePomUsingtestNG" name="validateUserName" time="5.613"/>
  <system-out>
    <![CDATA[Validating UserName
Actual and Expected UD are matching TC PASSED]]>
  </system-out>
</testsuite> <!-- kitePomUsingTestNG.validatePomUsingtestNG -->
