<?xml version="1.0" encoding="UTF-8"?>
<!-- Generated by org.testng.reporters.JUnitReportReporter -->
<testsuite hostname="LAPTOP-SQ25DLVN" failures="0" tests="3" name="TestNGKeywords.ClassEnableUse" time="0.023" errors="0" timestamp="2022-06-23T21:30:14 IST" skipped="1">
  <testcase classname="TestNGKeywords.ClassEnableUse" name="m" time="0.003"/>
  <system-out>
    <![CDATA[m is running]]>
  </system-out>
  <testcase classname="TestNGKeywords.ClassEnableUse" name="d" time="0.020"/>
  <system-out>
    <![CDATA[d is running]]>
  </system-out>
  <testcase classname="TestNGKeywords.ClassEnableUse" name="v">
    <skipped/>
  </testcase> <!-- v -->
  <system-out/>
</testsuite> <!-- TestNGKeywords.ClassEnableUse -->
