<?xml version="1.0" encoding="UTF-8"?>
<!-- Generated by org.testng.reporters.JUnitReportReporter -->
<testsuite hostname="LAPTOP-SQ25DLVN" failures="0" tests="3" name="TestNGKeywords.InvocationCount" time="0.024" errors="0" timestamp="2022-06-22T17:09:07 IST" skipped="0">
  <testcase classname="TestNGKeywords.InvocationCount" name="MyTest" time="0.003"/>
  <system-out>
    <![CDATA[swt]]>
  </system-out>
  <testcase classname="TestNGKeywords.InvocationCount" name="MyTest" time="0.012"/>
  <system-out>
    <![CDATA[swt]]>
  </system-out>
  <testcase classname="TestNGKeywords.InvocationCount" name="MyTest" time="0.009"/>
  <system-out>
    <![CDATA[swt]]>
  </system-out>
</testsuite> <!-- TestNGKeywords.InvocationCount -->
