<?xml version="1.0" encoding="UTF-8"?>
<!-- Generated by org.testng.reporters.JUnitReportReporter -->
<testsuite hostname="LAPTOP-SQ25DLVN" failures="0" tests="2" name="crossBrouserStd.c1" time="42.491" errors="0" timestamp="2022-07-06T18:45:01 IST" skipped="0">
  <testcase classname="crossBrouserStd.c1" name="m2" time="13.049"/>
  <system-out/>
  <testcase classname="crossBrouserStd.c1" name="m2" time="29.442"/>
  <system-out/>
</testsuite> <!-- crossBrouserStd.c1 -->
