<?xml version="1.0" encoding="UTF-8"?>
<!-- Generated by org.testng.reporters.JUnitReportReporter -->
<testsuite hostname="LAPTOP-SQ25DLVN" failures="0" tests="1" name="testNGStudy.Anno_tationStudy" time="0.010" errors="0" timestamp="2022-06-22T17:05:58 IST" skipped="0">
  <testcase classname="testNGStudy.Anno_tationStudy" name="RechargePhone" time="0.010"/>
  <system-out>
    <![CDATA[recharge done]]>
  </system-out>
</testsuite> <!-- testNGStudy.Anno_tationStudy -->
